[2024-11-28T14:11:40.419+0000] {local_task_job_runner.py:120} INFO - ::group::Pre task execution logs
[2024-11-28T14:11:40.468+0000] {taskinstance.py:2076} INFO - Dependencies all met for dep_context=non-requeueable deps ti=<TaskInstance: weather_data_kafka_dag.stream_data_from_apis manual__2024-11-28T14:11:38.921923+00:00 [queued]>
[2024-11-28T14:11:40.482+0000] {taskinstance.py:2076} INFO - Dependencies all met for dep_context=requeueable deps ti=<TaskInstance: weather_data_kafka_dag.stream_data_from_apis manual__2024-11-28T14:11:38.921923+00:00 [queued]>
[2024-11-28T14:11:40.490+0000] {taskinstance.py:2306} INFO - Starting attempt 1 of 4
[2024-11-28T14:11:40.507+0000] {taskinstance.py:2330} INFO - Executing <Task(PythonOperator): stream_data_from_apis> on 2024-11-28 14:11:38.921923+00:00
[2024-11-28T14:11:40.515+0000] {logging_mixin.py:188} WARNING - /home/***/.local/lib/python3.12/site-packages/***/task/task_runner/standard_task_runner.py:62 DeprecationWarning: This process (pid=10825) is multi-threaded, use of fork() may lead to deadlocks in the child.
[2024-11-28T14:11:40.517+0000] {standard_task_runner.py:64} INFO - Started process 10827 to run task
[2024-11-28T14:11:40.515+0000] {standard_task_runner.py:90} INFO - Running: ['***', 'tasks', 'run', 'weather_data_kafka_dag', 'stream_data_from_apis', 'manual__2024-11-28T14:11:38.921923+00:00', '--job-id', '124', '--raw', '--subdir', 'DAGS_FOLDER/kafka_stream.py', '--cfg-path', '/tmp/tmpica8hjq0']
[2024-11-28T14:11:40.518+0000] {standard_task_runner.py:91} INFO - Job 124: Subtask stream_data_from_apis
[2024-11-28T14:11:40.576+0000] {task_command.py:426} INFO - Running <TaskInstance: weather_data_kafka_dag.stream_data_from_apis manual__2024-11-28T14:11:38.921923+00:00 [running]> on host cc9ad6cea7ef
[2024-11-28T14:11:40.708+0000] {taskinstance.py:2648} INFO - Exporting env vars: AIRFLOW_CTX_DAG_OWNER='admin' AIRFLOW_CTX_DAG_ID='weather_data_kafka_dag' AIRFLOW_CTX_TASK_ID='stream_data_from_apis' AIRFLOW_CTX_EXECUTION_DATE='2024-11-28T14:11:38.921923+00:00' AIRFLOW_CTX_TRY_NUMBER='1' AIRFLOW_CTX_DAG_RUN_ID='manual__2024-11-28T14:11:38.921923+00:00'
[2024-11-28T14:11:40.710+0000] {taskinstance.py:430} INFO - ::endgroup::
[2024-11-28T14:11:40.730+0000] {conn.py:362} INFO - <BrokerConnection node_id=bootstrap-0 host=broker:9092 <connecting> [IPv4 ('172.18.0.8', 9092)]>: connecting to broker:9092 [('172.18.0.8', 9092) IPv4]
[2024-11-28T14:11:40.731+0000] {conn.py:957} INFO - Probing node bootstrap-0 broker version
[2024-11-28T14:11:40.733+0000] {conn.py:393} INFO - <BrokerConnection node_id=bootstrap-0 host=broker:9092 <connecting> [IPv4 ('172.18.0.8', 9092)]>: Connection complete.
[2024-11-28T14:11:40.843+0000] {conn.py:1019} INFO - Broker version identified as 2.6.0
[2024-11-28T14:11:40.844+0000] {conn.py:1020} INFO - Set configuration api_version=(2, 6, 0) to skip auto check_version requests on startup
[2024-11-28T14:11:40.851+0000] {taskinstance.py:441} INFO - ::group::Post task execution logs
[2024-11-28T14:11:40.856+0000] {taskinstance.py:2905} ERROR - Task failed with exception
Traceback (most recent call last):
  File "/opt/airflow/dags/kafka_stream.py", line 43, in fetch_openweathermap_data
    'q': f"{city['name']},ma",  # Utiliser le nom de la ville dans la requête
            ~~~~^^^^^^^^
KeyError: 'name'

During handling of the above exception, another exception occurred:

Traceback (most recent call last):
  File "/opt/airflow/dags/kafka_stream.py", line 98, in stream_data
    fetch_openweathermap_data(city)
  File "/opt/airflow/dags/kafka_stream.py", line 61, in fetch_openweathermap_data
    logging.error(f"Erreur lors de la récupération des données d'OpenWeatherMap pour {city['name']}: {e}")
                                                                                      ~~~~^^^^^^^^
KeyError: 'name'

During handling of the above exception, another exception occurred:

Traceback (most recent call last):
  File "/home/airflow/.local/lib/python3.12/site-packages/airflow/models/taskinstance.py", line 465, in _execute_task
    result = _execute_callable(context=context, **execute_callable_kwargs)
             ^^^^^^^^^^^^^^^^^^^^^^^^^^^^^^^^^^^^^^^^^^^^^^^^^^^^^^^^^^^^^
  File "/home/airflow/.local/lib/python3.12/site-packages/airflow/models/taskinstance.py", line 432, in _execute_callable
    return execute_callable(context=context, **execute_callable_kwargs)
           ^^^^^^^^^^^^^^^^^^^^^^^^^^^^^^^^^^^^^^^^^^^^^^^^^^^^^^^^^^^^
  File "/home/airflow/.local/lib/python3.12/site-packages/airflow/models/baseoperator.py", line 401, in wrapper
    return func(self, *args, **kwargs)
           ^^^^^^^^^^^^^^^^^^^^^^^^^^^
  File "/home/airflow/.local/lib/python3.12/site-packages/airflow/operators/python.py", line 235, in execute
    return_value = self.execute_callable()
                   ^^^^^^^^^^^^^^^^^^^^^^^
  File "/home/airflow/.local/lib/python3.12/site-packages/airflow/operators/python.py", line 252, in execute_callable
    return self.python_callable(*self.op_args, **self.op_kwargs)
           ^^^^^^^^^^^^^^^^^^^^^^^^^^^^^^^^^^^^^^^^^^^^^^^^^^^^^
  File "/opt/airflow/dags/kafka_stream.py", line 106, in stream_data
    logging.error(f"Erreur dans le processus de streaming des données pour {city['name']}: {e}")
                                                                            ~~~~^^^^^^^^
KeyError: 'name'
[2024-11-28T14:11:40.899+0000] {taskinstance.py:1206} INFO - Marking task as UP_FOR_RETRY. dag_id=weather_data_kafka_dag, task_id=stream_data_from_apis, run_id=manual__2024-11-28T14:11:38.921923+00:00, execution_date=20241128T141138, start_date=20241128T141140, end_date=20241128T141140
[2024-11-28T14:11:40.941+0000] {standard_task_runner.py:110} ERROR - Failed to execute job 124 for task stream_data_from_apis ('name'; 10827)
[2024-11-28T14:11:40.970+0000] {local_task_job_runner.py:243} INFO - Task exited with return code 1
[2024-11-28T14:11:41.006+0000] {taskinstance.py:3503} INFO - 0 downstream tasks scheduled from follow-on schedule check
[2024-11-28T14:11:41.010+0000] {local_task_job_runner.py:222} INFO - ::endgroup::
